{"/Users/romeoenso/Desktop/Sites/works/node/vidly/index.js": {"path":"/Users/romeoenso/Desktop/Sites/works/node/vidly/index.js","statementMap":{"0":{"start":{"line":1,"column":16},"end":{"line":1,"column":34}},"1":{"start":{"line":2,"column":16},"end":{"line":2,"column":34}},"2":{"start":{"line":3,"column":12},"end":{"line":3,"column":21}},"3":{"start":{"line":5,"column":0},"end":{"line":5,"column":30}},"4":{"start":{"line":6,"column":0},"end":{"line":6,"column":34}},"5":{"start":{"line":7,"column":0},"end":{"line":7,"column":31}},"6":{"start":{"line":8,"column":0},"end":{"line":8,"column":37}},"7":{"start":{"line":9,"column":0},"end":{"line":9,"column":32}},"8":{"start":{"line":11,"column":13},"end":{"line":11,"column":37}},"9":{"start":{"line":13,"column":15},"end":{"line":15,"column":2}},"10":{"start":{"line":14,"column":2},"end":{"line":14,"column":57}},"11":{"start":{"line":17,"column":0},"end":{"line":17,"column":24}}},"fnMap":{"0":{"name":"(anonymous_0)","decl":{"start":{"line":13,"column":32},"end":{"line":13,"column":33}},"loc":{"start":{"line":13,"column":38},"end":{"line":15,"column":1}},"line":13}},"branchMap":{"0":{"loc":{"start":{"line":11,"column":13},"end":{"line":11,"column":37}},"type":"binary-expr","locations":[{"start":{"line":11,"column":13},"end":{"line":11,"column":29}},{"start":{"line":11,"column":33},"end":{"line":11,"column":37}}],"line":11}},"s":{"0":3,"1":3,"2":3,"3":3,"4":3,"5":3,"6":3,"7":3,"8":3,"9":3,"10":3,"11":3},"f":{"0":3},"b":{"0":[3,3]},"_coverageSchema":"43e27e138ebf9cfc5966b082cf9a028302ed4184","hash":"ff40d38d7e51cc723244c461950538d9fd6e157e"}
,"/Users/romeoenso/Desktop/Sites/works/node/vidly/db/customer.js": {"path":"/Users/romeoenso/Desktop/Sites/works/node/vidly/db/customer.js","statementMap":{"0":{"start":{"line":1,"column":17},"end":{"line":1,"column":36}},"1":{"start":{"line":2,"column":12},"end":{"line":2,"column":26}},"2":{"start":{"line":4,"column":15},"end":{"line":19,"column":2}},"3":{"start":{"line":14,"column":8},"end":{"line":14,"column":43}},"4":{"start":{"line":16,"column":21},"end":{"line":16,"column":45}},"5":{"start":{"line":21,"column":17},"end":{"line":21,"column":51}},"6":{"start":{"line":24,"column":17},"end":{"line":28,"column":3}},"7":{"start":{"line":30,"column":2},"end":{"line":30,"column":40}},"8":{"start":{"line":33,"column":0},"end":{"line":36,"column":2}}},"fnMap":{"0":{"name":"(anonymous_0)","decl":{"start":{"line":13,"column":17},"end":{"line":13,"column":18}},"loc":{"start":{"line":13,"column":30},"end":{"line":15,"column":7}},"line":13},"1":{"name":"(anonymous_1)","decl":{"start":{"line":16,"column":15},"end":{"line":16,"column":16}},"loc":{"start":{"line":16,"column":21},"end":{"line":16,"column":45}},"line":16},"2":{"name":"validateCustomer","decl":{"start":{"line":23,"column":9},"end":{"line":23,"column":25}},"loc":{"start":{"line":23,"column":36},"end":{"line":31,"column":1}},"line":23}},"branchMap":{},"s":{"0":3,"1":3,"2":3,"3":0,"4":0,"5":3,"6":0,"7":0,"8":3},"f":{"0":0,"1":0,"2":0},"b":{},"_coverageSchema":"43e27e138ebf9cfc5966b082cf9a028302ed4184","hash":"73dca8101f83be957c11b44086347a1f4e28150d"}
,"/Users/romeoenso/Desktop/Sites/works/node/vidly/db/genre.js": {"path":"/Users/romeoenso/Desktop/Sites/works/node/vidly/db/genre.js","statementMap":{"0":{"start":{"line":1,"column":17},"end":{"line":1,"column":36}},"1":{"start":{"line":2,"column":12},"end":{"line":2,"column":26}},"2":{"start":{"line":4,"column":15},"end":{"line":11,"column":2}},"3":{"start":{"line":13,"column":14},"end":{"line":13,"column":45}},"4":{"start":{"line":16,"column":17},"end":{"line":18,"column":3}},"5":{"start":{"line":19,"column":2},"end":{"line":19,"column":37}},"6":{"start":{"line":22,"column":0},"end":{"line":26,"column":2}}},"fnMap":{"0":{"name":"validateGenre","decl":{"start":{"line":15,"column":9},"end":{"line":15,"column":22}},"loc":{"start":{"line":15,"column":30},"end":{"line":20,"column":1}},"line":15}},"branchMap":{},"s":{"0":3,"1":3,"2":3,"3":3,"4":7,"5":7,"6":3},"f":{"0":7},"b":{},"_coverageSchema":"43e27e138ebf9cfc5966b082cf9a028302ed4184","hash":"83cb66d4bbf46377fc498bad8f2f0ceb3853e495"}
,"/Users/romeoenso/Desktop/Sites/works/node/vidly/db/movie.js": {"path":"/Users/romeoenso/Desktop/Sites/works/node/vidly/db/movie.js","statementMap":{"0":{"start":{"line":1,"column":17},"end":{"line":1,"column":36}},"1":{"start":{"line":2,"column":12},"end":{"line":2,"column":26}},"2":{"start":{"line":4,"column":24},"end":{"line":4,"column":42}},"3":{"start":{"line":6,"column":20},"end":{"line":14,"column":2}},"4":{"start":{"line":17,"column":17},"end":{"line":22,"column":3}},"5":{"start":{"line":24,"column":2},"end":{"line":24,"column":37}},"6":{"start":{"line":27,"column":14},"end":{"line":27,"column":50}},"7":{"start":{"line":29,"column":0},"end":{"line":33,"column":2}}},"fnMap":{"0":{"name":"validateMovie","decl":{"start":{"line":16,"column":9},"end":{"line":16,"column":22}},"loc":{"start":{"line":16,"column":30},"end":{"line":25,"column":1}},"line":16}},"branchMap":{},"s":{"0":3,"1":3,"2":3,"3":3,"4":0,"5":0,"6":3,"7":3},"f":{"0":0},"b":{},"_coverageSchema":"43e27e138ebf9cfc5966b082cf9a028302ed4184","hash":"965e8a178ffb7817dc9c9b19cb30ad0c98656949"}
,"/Users/romeoenso/Desktop/Sites/works/node/vidly/db/rental.js": {"path":"/Users/romeoenso/Desktop/Sites/works/node/vidly/db/rental.js","statementMap":{"0":{"start":{"line":1,"column":15},"end":{"line":1,"column":32}},"1":{"start":{"line":2,"column":17},"end":{"line":2,"column":36}},"2":{"start":{"line":3,"column":12},"end":{"line":3,"column":26}},"3":{"start":{"line":5,"column":15},"end":{"line":37,"column":2}},"4":{"start":{"line":40,"column":0},"end":{"line":45,"column":2}},"5":{"start":{"line":41,"column":2},"end":{"line":44,"column":5}},"6":{"start":{"line":48,"column":0},"end":{"line":53,"column":1}},"7":{"start":{"line":49,"column":2},"end":{"line":49,"column":33}},"8":{"start":{"line":51,"column":21},"end":{"line":51,"column":56}},"9":{"start":{"line":52,"column":2},"end":{"line":52,"column":59}},"10":{"start":{"line":55,"column":15},"end":{"line":55,"column":47}},"11":{"start":{"line":58,"column":17},"end":{"line":61,"column":3}},"12":{"start":{"line":62,"column":2},"end":{"line":62,"column":38}},"13":{"start":{"line":65,"column":0},"end":{"line":68,"column":2}}},"fnMap":{"0":{"name":"(anonymous_0)","decl":{"start":{"line":40,"column":24},"end":{"line":40,"column":25}},"loc":{"start":{"line":40,"column":55},"end":{"line":45,"column":1}},"line":40},"1":{"name":"(anonymous_1)","decl":{"start":{"line":48,"column":24},"end":{"line":48,"column":25}},"loc":{"start":{"line":48,"column":36},"end":{"line":53,"column":1}},"line":48},"2":{"name":"validate","decl":{"start":{"line":57,"column":9},"end":{"line":57,"column":17}},"loc":{"start":{"line":57,"column":26},"end":{"line":63,"column":1}},"line":57}},"branchMap":{},"s":{"0":3,"1":3,"2":3,"3":3,"4":3,"5":7,"6":3,"7":5,"8":5,"9":5,"10":3,"11":9,"12":9,"13":3},"f":{"0":7,"1":5,"2":9},"b":{},"_coverageSchema":"43e27e138ebf9cfc5966b082cf9a028302ed4184","hash":"1c0f8693c1478bcb91762476eaf48f01e05131b3"}
,"/Users/romeoenso/Desktop/Sites/works/node/vidly/db/user.js": {"path":"/Users/romeoenso/Desktop/Sites/works/node/vidly/db/user.js","statementMap":{"0":{"start":{"line":1,"column":15},"end":{"line":1,"column":32}},"1":{"start":{"line":2,"column":12},"end":{"line":2,"column":35}},"2":{"start":{"line":3,"column":17},"end":{"line":3,"column":36}},"3":{"start":{"line":4,"column":12},"end":{"line":4,"column":26}},"4":{"start":{"line":6,"column":15},"end":{"line":27,"column":2}},"5":{"start":{"line":29,"column":0},"end":{"line":32,"column":2}},"6":{"start":{"line":30,"column":16},"end":{"line":30,"column":95}},"7":{"start":{"line":31,"column":2},"end":{"line":31,"column":15}},"8":{"start":{"line":34,"column":13},"end":{"line":34,"column":43}},"9":{"start":{"line":37,"column":17},"end":{"line":41,"column":3}},"10":{"start":{"line":43,"column":2},"end":{"line":43,"column":36}},"11":{"start":{"line":46,"column":0},"end":{"line":46,"column":20}},"12":{"start":{"line":47,"column":0},"end":{"line":47,"column":36}}},"fnMap":{"0":{"name":"(anonymous_0)","decl":{"start":{"line":29,"column":35},"end":{"line":29,"column":36}},"loc":{"start":{"line":29,"column":47},"end":{"line":32,"column":1}},"line":29},"1":{"name":"validateUser","decl":{"start":{"line":36,"column":9},"end":{"line":36,"column":21}},"loc":{"start":{"line":36,"column":28},"end":{"line":44,"column":1}},"line":36}},"branchMap":{},"s":{"0":5,"1":5,"2":5,"3":5,"4":5,"5":5,"6":25,"7":25,"8":5,"9":0,"10":0,"11":5,"12":5},"f":{"0":25,"1":0},"b":{},"_coverageSchema":"43e27e138ebf9cfc5966b082cf9a028302ed4184","hash":"c5626f75f2f4935c3273c0ceffb8022c98d9ec3d"}
,"/Users/romeoenso/Desktop/Sites/works/node/vidly/middleware/admin.js": {"path":"/Users/romeoenso/Desktop/Sites/works/node/vidly/middleware/admin.js","statementMap":{"0":{"start":{"line":3,"column":0},"end":{"line":8,"column":2}},"1":{"start":{"line":5,"column":2},"end":{"line":5,"column":67}},"2":{"start":{"line":5,"column":25},"end":{"line":5,"column":67}},"3":{"start":{"line":7,"column":2},"end":{"line":7,"column":9}}},"fnMap":{"0":{"name":"(anonymous_0)","decl":{"start":{"line":3,"column":17},"end":{"line":3,"column":18}},"loc":{"start":{"line":3,"column":43},"end":{"line":8,"column":1}},"line":3}},"branchMap":{"0":{"loc":{"start":{"line":5,"column":2},"end":{"line":5,"column":67}},"type":"if","locations":[{"start":{"line":5,"column":2},"end":{"line":5,"column":67}},{"start":{"line":5,"column":2},"end":{"line":5,"column":67}}],"line":5}},"s":{"0":3,"1":4,"2":1,"3":3},"f":{"0":4},"b":{"0":[1,3]},"_coverageSchema":"43e27e138ebf9cfc5966b082cf9a028302ed4184","hash":"920be54c1b577ddf63739dce068e0dcd89c15ef4"}
,"/Users/romeoenso/Desktop/Sites/works/node/vidly/middleware/auth.js": {"path":"/Users/romeoenso/Desktop/Sites/works/node/vidly/middleware/auth.js","statementMap":{"0":{"start":{"line":4,"column":15},"end":{"line":4,"column":32}},"1":{"start":{"line":5,"column":12},"end":{"line":5,"column":35}},"2":{"start":{"line":7,"column":0},"end":{"line":21,"column":2}},"3":{"start":{"line":8,"column":16},"end":{"line":8,"column":42}},"4":{"start":{"line":9,"column":2},"end":{"line":11,"column":3}},"5":{"start":{"line":10,"column":4},"end":{"line":10,"column":65}},"6":{"start":{"line":13,"column":2},"end":{"line":20,"column":3}},"7":{"start":{"line":14,"column":19},"end":{"line":14,"column":65}},"8":{"start":{"line":16,"column":4},"end":{"line":16,"column":22}},"9":{"start":{"line":17,"column":4},"end":{"line":17,"column":11}},"10":{"start":{"line":19,"column":4},"end":{"line":19,"column":43}}},"fnMap":{"0":{"name":"(anonymous_0)","decl":{"start":{"line":7,"column":17},"end":{"line":7,"column":18}},"loc":{"start":{"line":7,"column":43},"end":{"line":21,"column":1}},"line":7}},"branchMap":{"0":{"loc":{"start":{"line":9,"column":2},"end":{"line":11,"column":3}},"type":"if","locations":[{"start":{"line":9,"column":2},"end":{"line":11,"column":3}},{"start":{"line":9,"column":2},"end":{"line":11,"column":3}}],"line":9}},"s":{"0":4,"1":4,"2":4,"3":27,"4":27,"5":5,"6":22,"7":22,"8":21,"9":21,"10":1},"f":{"0":27},"b":{"0":[5,22]},"_coverageSchema":"43e27e138ebf9cfc5966b082cf9a028302ed4184","hash":"f5e392971126a4764c66e72242e5fca150ff1b64"}
,"/Users/romeoenso/Desktop/Sites/works/node/vidly/middleware/customer.js": {"path":"/Users/romeoenso/Desktop/Sites/works/node/vidly/middleware/customer.js","statementMap":{"0":{"start":{"line":1,"column":17},"end":{"line":1,"column":36}},"1":{"start":{"line":3,"column":18},"end":{"line":11,"column":1}},"2":{"start":{"line":4,"column":18},"end":{"line":4,"column":64}},"3":{"start":{"line":6,"column":2},"end":{"line":8,"column":3}},"4":{"start":{"line":7,"column":4},"end":{"line":7,"column":66}},"5":{"start":{"line":10,"column":2},"end":{"line":10,"column":9}},"6":{"start":{"line":13,"column":0},"end":{"line":15,"column":2}}},"fnMap":{"0":{"name":"(anonymous_0)","decl":{"start":{"line":3,"column":18},"end":{"line":3,"column":19}},"loc":{"start":{"line":3,"column":38},"end":{"line":11,"column":1}},"line":3}},"branchMap":{"0":{"loc":{"start":{"line":6,"column":2},"end":{"line":8,"column":3}},"type":"if","locations":[{"start":{"line":6,"column":2},"end":{"line":8,"column":3}},{"start":{"line":6,"column":2},"end":{"line":8,"column":3}}],"line":6}},"s":{"0":3,"1":3,"2":0,"3":0,"4":0,"5":0,"6":3},"f":{"0":0},"b":{"0":[0,0]},"_coverageSchema":"43e27e138ebf9cfc5966b082cf9a028302ed4184","hash":"db2871c09e8746a26ad242b5b678e9f4c63c6d76"}
,"/Users/romeoenso/Desktop/Sites/works/node/vidly/middleware/errors.js": {"path":"/Users/romeoenso/Desktop/Sites/works/node/vidly/middleware/errors.js","statementMap":{"0":{"start":{"line":1,"column":16},"end":{"line":1,"column":34}},"1":{"start":{"line":3,"column":0},"end":{"line":6,"column":2}},"2":{"start":{"line":4,"column":2},"end":{"line":4,"column":34}},"3":{"start":{"line":5,"column":2},"end":{"line":5,"column":46}}},"fnMap":{"0":{"name":"(anonymous_0)","decl":{"start":{"line":3,"column":17},"end":{"line":3,"column":18}},"loc":{"start":{"line":3,"column":48},"end":{"line":6,"column":1}},"line":3}},"branchMap":{},"s":{"0":3,"1":3,"2":0,"3":0},"f":{"0":0},"b":{},"_coverageSchema":"43e27e138ebf9cfc5966b082cf9a028302ed4184","hash":"daaff83544a8d9de3244be2d6caa29c3632a73ff"}
,"/Users/romeoenso/Desktop/Sites/works/node/vidly/middleware/genre.js": {"path":"/Users/romeoenso/Desktop/Sites/works/node/vidly/middleware/genre.js","statementMap":{"0":{"start":{"line":1,"column":17},"end":{"line":1,"column":36}},"1":{"start":{"line":4,"column":0},"end":{"line":12,"column":2}},"2":{"start":{"line":5,"column":18},"end":{"line":5,"column":64}},"3":{"start":{"line":7,"column":2},"end":{"line":9,"column":3}},"4":{"start":{"line":8,"column":4},"end":{"line":8,"column":66}},"5":{"start":{"line":11,"column":2},"end":{"line":11,"column":9}}},"fnMap":{"0":{"name":"(anonymous_0)","decl":{"start":{"line":4,"column":27},"end":{"line":4,"column":28}},"loc":{"start":{"line":4,"column":47},"end":{"line":12,"column":1}},"line":4}},"branchMap":{"0":{"loc":{"start":{"line":7,"column":2},"end":{"line":9,"column":3}},"type":"if","locations":[{"start":{"line":7,"column":2},"end":{"line":9,"column":3}},{"start":{"line":7,"column":2},"end":{"line":9,"column":3}}],"line":7}},"s":{"0":3,"1":3,"2":10,"3":10,"4":3,"5":7},"f":{"0":10},"b":{"0":[3,7]},"_coverageSchema":"43e27e138ebf9cfc5966b082cf9a028302ed4184","hash":"593b9806af1e6eb2b46f4385862b4e81a24a6cd3"}
,"/Users/romeoenso/Desktop/Sites/works/node/vidly/middleware/validate.js": {"path":"/Users/romeoenso/Desktop/Sites/works/node/vidly/middleware/validate.js","statementMap":{"0":{"start":{"line":2,"column":0},"end":{"line":9,"column":2}},"1":{"start":{"line":3,"column":2},"end":{"line":8,"column":4}},"2":{"start":{"line":4,"column":22},"end":{"line":4,"column":41}},"3":{"start":{"line":5,"column":4},"end":{"line":5,"column":69}},"4":{"start":{"line":5,"column":15},"end":{"line":5,"column":69}},"5":{"start":{"line":7,"column":4},"end":{"line":7,"column":11}}},"fnMap":{"0":{"name":"(anonymous_0)","decl":{"start":{"line":2,"column":17},"end":{"line":2,"column":18}},"loc":{"start":{"line":2,"column":32},"end":{"line":9,"column":1}},"line":2},"1":{"name":"(anonymous_1)","decl":{"start":{"line":3,"column":9},"end":{"line":3,"column":10}},"loc":{"start":{"line":3,"column":29},"end":{"line":8,"column":3}},"line":3}},"branchMap":{"0":{"loc":{"start":{"line":5,"column":4},"end":{"line":5,"column":69}},"type":"if","locations":[{"start":{"line":5,"column":4},"end":{"line":5,"column":69}},{"start":{"line":5,"column":4},"end":{"line":5,"column":69}}],"line":5}},"s":{"0":3,"1":3,"2":9,"3":9,"4":2,"5":7},"f":{"0":3,"1":9},"b":{"0":[2,7]},"_coverageSchema":"43e27e138ebf9cfc5966b082cf9a028302ed4184","hash":"9fa27163319eea7ee81e6be2200fc3873b7533d8"}
,"/Users/romeoenso/Desktop/Sites/works/node/vidly/routes/auth.js": {"path":"/Users/romeoenso/Desktop/Sites/works/node/vidly/routes/auth.js","statementMap":{"0":{"start":{"line":1,"column":12},"end":{"line":1,"column":26}},"1":{"start":{"line":2,"column":15},"end":{"line":2,"column":32}},"2":{"start":{"line":3,"column":10},"end":{"line":3,"column":27}},"3":{"start":{"line":4,"column":16},"end":{"line":4,"column":34}},"4":{"start":{"line":5,"column":17},"end":{"line":5,"column":38}},"5":{"start":{"line":8,"column":15},"end":{"line":8,"column":31}},"6":{"start":{"line":10,"column":0},"end":{"line":25,"column":3}},"7":{"start":{"line":11,"column":20},"end":{"line":11,"column":38}},"8":{"start":{"line":12,"column":2},"end":{"line":14,"column":3}},"9":{"start":{"line":13,"column":4},"end":{"line":13,"column":51}},"10":{"start":{"line":16,"column":13},"end":{"line":16,"column":58}},"11":{"start":{"line":17,"column":2},"end":{"line":17,"column":70}},"12":{"start":{"line":17,"column":13},"end":{"line":17,"column":70}},"13":{"start":{"line":19,"column":26},"end":{"line":19,"column":80}},"14":{"start":{"line":21,"column":2},"end":{"line":21,"column":81}},"15":{"start":{"line":21,"column":24},"end":{"line":21,"column":81}},"16":{"start":{"line":22,"column":2},"end":{"line":22,"column":35}},"17":{"start":{"line":24,"column":2},"end":{"line":24,"column":18}},"18":{"start":{"line":28,"column":17},"end":{"line":31,"column":3}},"19":{"start":{"line":33,"column":2},"end":{"line":33,"column":36}},"20":{"start":{"line":36,"column":0},"end":{"line":36,"column":24}}},"fnMap":{"0":{"name":"(anonymous_0)","decl":{"start":{"line":10,"column":17},"end":{"line":10,"column":18}},"loc":{"start":{"line":10,"column":37},"end":{"line":25,"column":1}},"line":10},"1":{"name":"validate","decl":{"start":{"line":27,"column":9},"end":{"line":27,"column":17}},"loc":{"start":{"line":27,"column":24},"end":{"line":34,"column":1}},"line":27}},"branchMap":{"0":{"loc":{"start":{"line":12,"column":2},"end":{"line":14,"column":3}},"type":"if","locations":[{"start":{"line":12,"column":2},"end":{"line":14,"column":3}},{"start":{"line":12,"column":2},"end":{"line":14,"column":3}}],"line":12},"1":{"loc":{"start":{"line":17,"column":2},"end":{"line":17,"column":70}},"type":"if","locations":[{"start":{"line":17,"column":2},"end":{"line":17,"column":70}},{"start":{"line":17,"column":2},"end":{"line":17,"column":70}}],"line":17},"2":{"loc":{"start":{"line":21,"column":2},"end":{"line":21,"column":81}},"type":"if","locations":[{"start":{"line":21,"column":2},"end":{"line":21,"column":81}},{"start":{"line":21,"column":2},"end":{"line":21,"column":81}}],"line":21}},"s":{"0":3,"1":3,"2":3,"3":3,"4":3,"5":3,"6":3,"7":0,"8":0,"9":0,"10":0,"11":0,"12":0,"13":0,"14":0,"15":0,"16":0,"17":0,"18":0,"19":0,"20":3},"f":{"0":0,"1":0},"b":{"0":[0,0],"1":[0,0],"2":[0,0]},"_coverageSchema":"43e27e138ebf9cfc5966b082cf9a028302ed4184","hash":"56d1f05df59680fb4e20387ac902a68f13c95797"}
,"/Users/romeoenso/Desktop/Sites/works/node/vidly/routes/customer.js": {"path":"/Users/romeoenso/Desktop/Sites/works/node/vidly/routes/customer.js","statementMap":{"0":{"start":{"line":1,"column":16},"end":{"line":1,"column":34}},"1":{"start":{"line":3,"column":31},"end":{"line":3,"column":56}},"2":{"start":{"line":4,"column":22},"end":{"line":4,"column":55}},"3":{"start":{"line":7,"column":15},"end":{"line":7,"column":31}},"4":{"start":{"line":10,"column":0},"end":{"line":13,"column":3}},"5":{"start":{"line":11,"column":20},"end":{"line":11,"column":54}},"6":{"start":{"line":12,"column":2},"end":{"line":12,"column":22}},"7":{"start":{"line":15,"column":0},"end":{"line":29,"column":3}},"8":{"start":{"line":16,"column":20},"end":{"line":16,"column":38}},"9":{"start":{"line":17,"column":2},"end":{"line":19,"column":3}},"10":{"start":{"line":18,"column":4},"end":{"line":18,"column":40}},"11":{"start":{"line":21,"column":17},"end":{"line":25,"column":4}},"12":{"start":{"line":26,"column":2},"end":{"line":26,"column":35}},"13":{"start":{"line":28,"column":2},"end":{"line":28,"column":21}},"14":{"start":{"line":31,"column":0},"end":{"line":38,"column":3}},"15":{"start":{"line":32,"column":19},"end":{"line":32,"column":57}},"16":{"start":{"line":34,"column":2},"end":{"line":36,"column":3}},"17":{"start":{"line":35,"column":4},"end":{"line":35,"column":82}},"18":{"start":{"line":37,"column":2},"end":{"line":37,"column":21}},"19":{"start":{"line":40,"column":0},"end":{"line":57,"column":3}},"20":{"start":{"line":41,"column":20},"end":{"line":41,"column":38}},"21":{"start":{"line":43,"column":2},"end":{"line":45,"column":3}},"22":{"start":{"line":44,"column":4},"end":{"line":44,"column":40}},"23":{"start":{"line":47,"column":19},"end":{"line":51,"column":19}},"24":{"start":{"line":53,"column":2},"end":{"line":54,"column":88}},"25":{"start":{"line":54,"column":4},"end":{"line":54,"column":88}},"26":{"start":{"line":56,"column":2},"end":{"line":56,"column":21}},"27":{"start":{"line":59,"column":0},"end":{"line":66,"column":3}},"28":{"start":{"line":60,"column":19},"end":{"line":60,"column":66}},"29":{"start":{"line":62,"column":2},"end":{"line":63,"column":88}},"30":{"start":{"line":63,"column":4},"end":{"line":63,"column":88}},"31":{"start":{"line":65,"column":2},"end":{"line":65,"column":21}},"32":{"start":{"line":68,"column":0},"end":{"line":68,"column":24}}},"fnMap":{"0":{"name":"(anonymous_0)","decl":{"start":{"line":10,"column":16},"end":{"line":10,"column":17}},"loc":{"start":{"line":10,"column":36},"end":{"line":13,"column":1}},"line":10},"1":{"name":"(anonymous_1)","decl":{"start":{"line":15,"column":17},"end":{"line":15,"column":18}},"loc":{"start":{"line":15,"column":37},"end":{"line":29,"column":1}},"line":15},"2":{"name":"(anonymous_2)","decl":{"start":{"line":31,"column":30},"end":{"line":31,"column":31}},"loc":{"start":{"line":31,"column":50},"end":{"line":38,"column":1}},"line":31},"3":{"name":"(anonymous_3)","decl":{"start":{"line":40,"column":30},"end":{"line":40,"column":31}},"loc":{"start":{"line":40,"column":50},"end":{"line":57,"column":1}},"line":40},"4":{"name":"(anonymous_4)","decl":{"start":{"line":59,"column":33},"end":{"line":59,"column":34}},"loc":{"start":{"line":59,"column":53},"end":{"line":66,"column":1}},"line":59}},"branchMap":{"0":{"loc":{"start":{"line":17,"column":2},"end":{"line":19,"column":3}},"type":"if","locations":[{"start":{"line":17,"column":2},"end":{"line":19,"column":3}},{"start":{"line":17,"column":2},"end":{"line":19,"column":3}}],"line":17},"1":{"loc":{"start":{"line":34,"column":2},"end":{"line":36,"column":3}},"type":"if","locations":[{"start":{"line":34,"column":2},"end":{"line":36,"column":3}},{"start":{"line":34,"column":2},"end":{"line":36,"column":3}}],"line":34},"2":{"loc":{"start":{"line":43,"column":2},"end":{"line":45,"column":3}},"type":"if","locations":[{"start":{"line":43,"column":2},"end":{"line":45,"column":3}},{"start":{"line":43,"column":2},"end":{"line":45,"column":3}}],"line":43},"3":{"loc":{"start":{"line":53,"column":2},"end":{"line":54,"column":88}},"type":"if","locations":[{"start":{"line":53,"column":2},"end":{"line":54,"column":88}},{"start":{"line":53,"column":2},"end":{"line":54,"column":88}}],"line":53},"4":{"loc":{"start":{"line":62,"column":2},"end":{"line":63,"column":88}},"type":"if","locations":[{"start":{"line":62,"column":2},"end":{"line":63,"column":88}},{"start":{"line":62,"column":2},"end":{"line":63,"column":88}}],"line":62}},"s":{"0":3,"1":3,"2":3,"3":3,"4":3,"5":0,"6":0,"7":3,"8":0,"9":0,"10":0,"11":0,"12":0,"13":0,"14":3,"15":0,"16":0,"17":0,"18":0,"19":3,"20":0,"21":0,"22":0,"23":0,"24":0,"25":0,"26":0,"27":3,"28":0,"29":0,"30":0,"31":0,"32":3},"f":{"0":0,"1":0,"2":0,"3":0,"4":0},"b":{"0":[0,0],"1":[0,0],"2":[0,0],"3":[0,0],"4":[0,0]},"_coverageSchema":"43e27e138ebf9cfc5966b082cf9a028302ed4184","hash":"cca056a36b98465def51cf75d2210c9682e5b106"}
,"/Users/romeoenso/Desktop/Sites/works/node/vidly/routes/genre.js": {"path":"/Users/romeoenso/Desktop/Sites/works/node/vidly/routes/genre.js","statementMap":{"0":{"start":{"line":1,"column":16},"end":{"line":1,"column":34}},"1":{"start":{"line":2,"column":13},"end":{"line":2,"column":42}},"2":{"start":{"line":3,"column":14},"end":{"line":3,"column":44}},"3":{"start":{"line":4,"column":33},"end":{"line":4,"column":55}},"4":{"start":{"line":5,"column":22},"end":{"line":5,"column":52}},"5":{"start":{"line":8,"column":15},"end":{"line":8,"column":31}},"6":{"start":{"line":11,"column":0},"end":{"line":14,"column":3}},"7":{"start":{"line":12,"column":17},"end":{"line":12,"column":35}},"8":{"start":{"line":13,"column":2},"end":{"line":13,"column":19}},"9":{"start":{"line":16,"column":0},"end":{"line":26,"column":3}},"10":{"start":{"line":17,"column":20},"end":{"line":17,"column":43}},"11":{"start":{"line":18,"column":2},"end":{"line":20,"column":3}},"12":{"start":{"line":19,"column":4},"end":{"line":19,"column":58}},"13":{"start":{"line":22,"column":14},"end":{"line":22,"column":48}},"14":{"start":{"line":23,"column":2},"end":{"line":23,"column":29}},"15":{"start":{"line":25,"column":2},"end":{"line":25,"column":18}},"16":{"start":{"line":28,"column":0},"end":{"line":36,"column":3}},"17":{"start":{"line":29,"column":16},"end":{"line":29,"column":51}},"18":{"start":{"line":31,"column":2},"end":{"line":33,"column":3}},"19":{"start":{"line":32,"column":4},"end":{"line":32,"column":85}},"20":{"start":{"line":35,"column":2},"end":{"line":35,"column":18}},"21":{"start":{"line":38,"column":0},"end":{"line":49,"column":3}},"22":{"start":{"line":39,"column":20},"end":{"line":39,"column":43}},"23":{"start":{"line":40,"column":2},"end":{"line":42,"column":3}},"24":{"start":{"line":41,"column":4},"end":{"line":41,"column":47}},"25":{"start":{"line":44,"column":16},"end":{"line":46,"column":19}},"26":{"start":{"line":48,"column":2},"end":{"line":48,"column":18}},"27":{"start":{"line":51,"column":0},"end":{"line":58,"column":3}},"28":{"start":{"line":52,"column":16},"end":{"line":52,"column":60}},"29":{"start":{"line":54,"column":2},"end":{"line":55,"column":85}},"30":{"start":{"line":55,"column":4},"end":{"line":55,"column":85}},"31":{"start":{"line":57,"column":2},"end":{"line":57,"column":18}},"32":{"start":{"line":60,"column":0},"end":{"line":60,"column":24}}},"fnMap":{"0":{"name":"(anonymous_0)","decl":{"start":{"line":11,"column":16},"end":{"line":11,"column":17}},"loc":{"start":{"line":11,"column":36},"end":{"line":14,"column":1}},"line":11},"1":{"name":"(anonymous_1)","decl":{"start":{"line":16,"column":23},"end":{"line":16,"column":24}},"loc":{"start":{"line":16,"column":43},"end":{"line":26,"column":1}},"line":16},"2":{"name":"(anonymous_2)","decl":{"start":{"line":28,"column":30},"end":{"line":28,"column":31}},"loc":{"start":{"line":28,"column":50},"end":{"line":36,"column":1}},"line":28},"3":{"name":"(anonymous_3)","decl":{"start":{"line":38,"column":38},"end":{"line":38,"column":39}},"loc":{"start":{"line":38,"column":58},"end":{"line":49,"column":1}},"line":38},"4":{"name":"(anonymous_4)","decl":{"start":{"line":51,"column":48},"end":{"line":51,"column":49}},"loc":{"start":{"line":51,"column":68},"end":{"line":58,"column":1}},"line":51}},"branchMap":{"0":{"loc":{"start":{"line":18,"column":2},"end":{"line":20,"column":3}},"type":"if","locations":[{"start":{"line":18,"column":2},"end":{"line":20,"column":3}},{"start":{"line":18,"column":2},"end":{"line":20,"column":3}}],"line":18},"1":{"loc":{"start":{"line":31,"column":2},"end":{"line":33,"column":3}},"type":"if","locations":[{"start":{"line":31,"column":2},"end":{"line":33,"column":3}},{"start":{"line":31,"column":2},"end":{"line":33,"column":3}}],"line":31},"2":{"loc":{"start":{"line":40,"column":2},"end":{"line":42,"column":3}},"type":"if","locations":[{"start":{"line":40,"column":2},"end":{"line":42,"column":3}},{"start":{"line":40,"column":2},"end":{"line":42,"column":3}}],"line":40},"3":{"loc":{"start":{"line":54,"column":2},"end":{"line":55,"column":85}},"type":"if","locations":[{"start":{"line":54,"column":2},"end":{"line":55,"column":85}},{"start":{"line":54,"column":2},"end":{"line":55,"column":85}}],"line":54}},"s":{"0":3,"1":3,"2":3,"3":3,"4":3,"5":3,"6":3,"7":1,"8":1,"9":3,"10":5,"11":5,"12":2,"13":3,"14":3,"15":3,"16":3,"17":2,"18":2,"19":1,"20":1,"21":3,"22":2,"23":2,"24":1,"25":1,"26":1,"27":3,"28":2,"29":2,"30":1,"31":1,"32":3},"f":{"0":1,"1":5,"2":2,"3":2,"4":2},"b":{"0":[2,3],"1":[1,1],"2":[1,1],"3":[1,1]},"_coverageSchema":"43e27e138ebf9cfc5966b082cf9a028302ed4184","hash":"836f2b16737448b3553edc08ae74a51f30308049"}
,"/Users/romeoenso/Desktop/Sites/works/node/vidly/routes/movie.js": {"path":"/Users/romeoenso/Desktop/Sites/works/node/vidly/routes/movie.js","statementMap":{"0":{"start":{"line":1,"column":16},"end":{"line":1,"column":34}},"1":{"start":{"line":3,"column":28},"end":{"line":3,"column":50}},"2":{"start":{"line":4,"column":33},"end":{"line":4,"column":55}},"3":{"start":{"line":6,"column":15},"end":{"line":6,"column":31}},"4":{"start":{"line":9,"column":0},"end":{"line":12,"column":3}},"5":{"start":{"line":10,"column":17},"end":{"line":10,"column":49}},"6":{"start":{"line":11,"column":2},"end":{"line":11,"column":19}},"7":{"start":{"line":14,"column":0},"end":{"line":43,"column":3}},"8":{"start":{"line":16,"column":20},"end":{"line":16,"column":38}},"9":{"start":{"line":18,"column":2},"end":{"line":20,"column":3}},"10":{"start":{"line":19,"column":4},"end":{"line":19,"column":40}},"11":{"start":{"line":22,"column":20},"end":{"line":28,"column":5}},"12":{"start":{"line":23,"column":18},"end":{"line":23,"column":41}},"13":{"start":{"line":24,"column":4},"end":{"line":27,"column":5}},"14":{"start":{"line":30,"column":17},"end":{"line":30,"column":32}},"15":{"start":{"line":33,"column":14},"end":{"line":38,"column":4}},"16":{"start":{"line":40,"column":2},"end":{"line":40,"column":29}},"17":{"start":{"line":42,"column":2},"end":{"line":42,"column":18}},"18":{"start":{"line":45,"column":0},"end":{"line":52,"column":3}},"19":{"start":{"line":46,"column":16},"end":{"line":46,"column":69}},"20":{"start":{"line":48,"column":2},"end":{"line":50,"column":3}},"21":{"start":{"line":49,"column":4},"end":{"line":49,"column":79}},"22":{"start":{"line":51,"column":2},"end":{"line":51,"column":18}},"23":{"start":{"line":54,"column":0},"end":{"line":71,"column":3}},"24":{"start":{"line":55,"column":20},"end":{"line":55,"column":38}},"25":{"start":{"line":57,"column":2},"end":{"line":59,"column":3}},"26":{"start":{"line":58,"column":4},"end":{"line":58,"column":40}},"27":{"start":{"line":61,"column":16},"end":{"line":65,"column":19}},"28":{"start":{"line":67,"column":2},"end":{"line":68,"column":85}},"29":{"start":{"line":68,"column":4},"end":{"line":68,"column":85}},"30":{"start":{"line":70,"column":2},"end":{"line":70,"column":18}},"31":{"start":{"line":73,"column":0},"end":{"line":90,"column":3}},"32":{"start":{"line":74,"column":16},"end":{"line":74,"column":54}},"33":{"start":{"line":76,"column":2},"end":{"line":78,"column":3}},"34":{"start":{"line":77,"column":4},"end":{"line":77,"column":42}},"35":{"start":{"line":80,"column":14},"end":{"line":87,"column":19}},"36":{"start":{"line":89,"column":2},"end":{"line":89,"column":18}},"37":{"start":{"line":92,"column":0},"end":{"line":104,"column":3}},"38":{"start":{"line":93,"column":16},"end":{"line":93,"column":54}},"39":{"start":{"line":95,"column":2},"end":{"line":97,"column":3}},"40":{"start":{"line":96,"column":4},"end":{"line":96,"column":42}},"41":{"start":{"line":99,"column":14},"end":{"line":99,"column":49}},"42":{"start":{"line":100,"column":2},"end":{"line":100,"column":30}},"43":{"start":{"line":101,"column":2},"end":{"line":101,"column":30}},"44":{"start":{"line":103,"column":2},"end":{"line":103,"column":18}},"45":{"start":{"line":106,"column":0},"end":{"line":113,"column":3}},"46":{"start":{"line":107,"column":16},"end":{"line":107,"column":60}},"47":{"start":{"line":109,"column":2},"end":{"line":110,"column":85}},"48":{"start":{"line":110,"column":4},"end":{"line":110,"column":85}},"49":{"start":{"line":112,"column":2},"end":{"line":112,"column":18}},"50":{"start":{"line":115,"column":0},"end":{"line":115,"column":24}}},"fnMap":{"0":{"name":"(anonymous_0)","decl":{"start":{"line":9,"column":16},"end":{"line":9,"column":17}},"loc":{"start":{"line":9,"column":36},"end":{"line":12,"column":1}},"line":9},"1":{"name":"(anonymous_1)","decl":{"start":{"line":14,"column":17},"end":{"line":14,"column":18}},"loc":{"start":{"line":14,"column":37},"end":{"line":43,"column":1}},"line":14},"2":{"name":"(anonymous_2)","decl":{"start":{"line":22,"column":52},"end":{"line":22,"column":53}},"loc":{"start":{"line":22,"column":63},"end":{"line":28,"column":3}},"line":22},"3":{"name":"(anonymous_3)","decl":{"start":{"line":45,"column":19},"end":{"line":45,"column":20}},"loc":{"start":{"line":45,"column":39},"end":{"line":52,"column":1}},"line":45},"4":{"name":"(anonymous_4)","decl":{"start":{"line":54,"column":19},"end":{"line":54,"column":20}},"loc":{"start":{"line":54,"column":39},"end":{"line":71,"column":1}},"line":54},"5":{"name":"(anonymous_5)","decl":{"start":{"line":73,"column":29},"end":{"line":73,"column":30}},"loc":{"start":{"line":73,"column":49},"end":{"line":90,"column":1}},"line":73},"6":{"name":"(anonymous_6)","decl":{"start":{"line":92,"column":31},"end":{"line":92,"column":32}},"loc":{"start":{"line":92,"column":51},"end":{"line":104,"column":1}},"line":92},"7":{"name":"(anonymous_7)","decl":{"start":{"line":106,"column":22},"end":{"line":106,"column":23}},"loc":{"start":{"line":106,"column":42},"end":{"line":113,"column":1}},"line":106}},"branchMap":{"0":{"loc":{"start":{"line":18,"column":2},"end":{"line":20,"column":3}},"type":"if","locations":[{"start":{"line":18,"column":2},"end":{"line":20,"column":3}},{"start":{"line":18,"column":2},"end":{"line":20,"column":3}}],"line":18},"1":{"loc":{"start":{"line":48,"column":2},"end":{"line":50,"column":3}},"type":"if","locations":[{"start":{"line":48,"column":2},"end":{"line":50,"column":3}},{"start":{"line":48,"column":2},"end":{"line":50,"column":3}}],"line":48},"2":{"loc":{"start":{"line":57,"column":2},"end":{"line":59,"column":3}},"type":"if","locations":[{"start":{"line":57,"column":2},"end":{"line":59,"column":3}},{"start":{"line":57,"column":2},"end":{"line":59,"column":3}}],"line":57},"3":{"loc":{"start":{"line":67,"column":2},"end":{"line":68,"column":85}},"type":"if","locations":[{"start":{"line":67,"column":2},"end":{"line":68,"column":85}},{"start":{"line":67,"column":2},"end":{"line":68,"column":85}}],"line":67},"4":{"loc":{"start":{"line":76,"column":2},"end":{"line":78,"column":3}},"type":"if","locations":[{"start":{"line":76,"column":2},"end":{"line":78,"column":3}},{"start":{"line":76,"column":2},"end":{"line":78,"column":3}}],"line":76},"5":{"loc":{"start":{"line":95,"column":2},"end":{"line":97,"column":3}},"type":"if","locations":[{"start":{"line":95,"column":2},"end":{"line":97,"column":3}},{"start":{"line":95,"column":2},"end":{"line":97,"column":3}}],"line":95},"6":{"loc":{"start":{"line":109,"column":2},"end":{"line":110,"column":85}},"type":"if","locations":[{"start":{"line":109,"column":2},"end":{"line":110,"column":85}},{"start":{"line":109,"column":2},"end":{"line":110,"column":85}}],"line":109}},"s":{"0":3,"1":3,"2":3,"3":3,"4":3,"5":0,"6":0,"7":3,"8":0,"9":0,"10":0,"11":0,"12":0,"13":0,"14":0,"15":0,"16":0,"17":0,"18":3,"19":0,"20":0,"21":0,"22":0,"23":3,"24":0,"25":0,"26":0,"27":0,"28":0,"29":0,"30":0,"31":3,"32":0,"33":0,"34":0,"35":0,"36":0,"37":3,"38":0,"39":0,"40":0,"41":0,"42":0,"43":0,"44":0,"45":3,"46":0,"47":0,"48":0,"49":0,"50":3},"f":{"0":0,"1":0,"2":0,"3":0,"4":0,"5":0,"6":0,"7":0},"b":{"0":[0,0],"1":[0,0],"2":[0,0],"3":[0,0],"4":[0,0],"5":[0,0],"6":[0,0]},"_coverageSchema":"43e27e138ebf9cfc5966b082cf9a028302ed4184","hash":"c797017b4598c76d7a985db82a7176987ae13632"}
,"/Users/romeoenso/Desktop/Sites/works/node/vidly/routes/rental.js": {"path":"/Users/romeoenso/Desktop/Sites/works/node/vidly/routes/rental.js","statementMap":{"0":{"start":{"line":1,"column":16},"end":{"line":1,"column":34}},"1":{"start":{"line":2,"column":17},"end":{"line":2,"column":36}},"2":{"start":{"line":3,"column":13},"end":{"line":3,"column":28}},"3":{"start":{"line":5,"column":21},"end":{"line":5,"column":46}},"4":{"start":{"line":6,"column":18},"end":{"line":6,"column":40}},"5":{"start":{"line":7,"column":35},"end":{"line":7,"column":58}},"6":{"start":{"line":9,"column":0},"end":{"line":9,"column":20}},"7":{"start":{"line":12,"column":15},"end":{"line":12,"column":31}},"8":{"start":{"line":14,"column":0},"end":{"line":61,"column":3}},"9":{"start":{"line":15,"column":20},"end":{"line":15,"column":44}},"10":{"start":{"line":17,"column":2},"end":{"line":19,"column":3}},"11":{"start":{"line":18,"column":4},"end":{"line":18,"column":70}},"12":{"start":{"line":21,"column":19},"end":{"line":21,"column":63}},"13":{"start":{"line":22,"column":2},"end":{"line":24,"column":3}},"14":{"start":{"line":23,"column":4},"end":{"line":23,"column":52}},"15":{"start":{"line":27,"column":16},"end":{"line":27,"column":54}},"16":{"start":{"line":28,"column":2},"end":{"line":30,"column":3}},"17":{"start":{"line":29,"column":4},"end":{"line":29,"column":49}},"18":{"start":{"line":32,"column":15},"end":{"line":44,"column":4}},"19":{"start":{"line":47,"column":2},"end":{"line":60,"column":3}},"20":{"start":{"line":48,"column":4},"end":{"line":55,"column":13}},"21":{"start":{"line":57,"column":4},"end":{"line":57,"column":21}},"22":{"start":{"line":59,"column":4},"end":{"line":59,"column":45}},"23":{"start":{"line":63,"column":0},"end":{"line":63,"column":24}}},"fnMap":{"0":{"name":"(anonymous_0)","decl":{"start":{"line":14,"column":17},"end":{"line":14,"column":18}},"loc":{"start":{"line":14,"column":37},"end":{"line":61,"column":1}},"line":14}},"branchMap":{"0":{"loc":{"start":{"line":17,"column":2},"end":{"line":19,"column":3}},"type":"if","locations":[{"start":{"line":17,"column":2},"end":{"line":19,"column":3}},{"start":{"line":17,"column":2},"end":{"line":19,"column":3}}],"line":17},"1":{"loc":{"start":{"line":22,"column":2},"end":{"line":24,"column":3}},"type":"if","locations":[{"start":{"line":22,"column":2},"end":{"line":24,"column":3}},{"start":{"line":22,"column":2},"end":{"line":24,"column":3}}],"line":22},"2":{"loc":{"start":{"line":28,"column":2},"end":{"line":30,"column":3}},"type":"if","locations":[{"start":{"line":28,"column":2},"end":{"line":30,"column":3}},{"start":{"line":28,"column":2},"end":{"line":30,"column":3}}],"line":28}},"s":{"0":3,"1":3,"2":3,"3":3,"4":3,"5":3,"6":3,"7":3,"8":3,"9":0,"10":0,"11":0,"12":0,"13":0,"14":0,"15":0,"16":0,"17":0,"18":0,"19":0,"20":0,"21":0,"22":0,"23":3},"f":{"0":0},"b":{"0":[0,0],"1":[0,0],"2":[0,0]},"_coverageSchema":"43e27e138ebf9cfc5966b082cf9a028302ed4184","hash":"8938a3d9bba580bfe956056006da2301b0a72487"}
,"/Users/romeoenso/Desktop/Sites/works/node/vidly/routes/returns.js": {"path":"/Users/romeoenso/Desktop/Sites/works/node/vidly/routes/returns.js","statementMap":{"0":{"start":{"line":1,"column":16},"end":{"line":1,"column":34}},"1":{"start":{"line":2,"column":15},"end":{"line":2,"column":32}},"2":{"start":{"line":4,"column":13},"end":{"line":4,"column":42}},"3":{"start":{"line":5,"column":17},"end":{"line":5,"column":50}},"4":{"start":{"line":6,"column":35},"end":{"line":6,"column":58}},"5":{"start":{"line":7,"column":18},"end":{"line":7,"column":40}},"6":{"start":{"line":9,"column":15},"end":{"line":9,"column":31}},"7":{"start":{"line":11,"column":0},"end":{"line":32,"column":3}},"8":{"start":{"line":13,"column":17},"end":{"line":13,"column":75}},"9":{"start":{"line":15,"column":2},"end":{"line":17,"column":3}},"10":{"start":{"line":16,"column":4},"end":{"line":16,"column":75}},"11":{"start":{"line":19,"column":2},"end":{"line":21,"column":3}},"12":{"start":{"line":20,"column":4},"end":{"line":20,"column":60}},"13":{"start":{"line":23,"column":2},"end":{"line":23,"column":18}},"14":{"start":{"line":25,"column":2},"end":{"line":25,"column":22}},"15":{"start":{"line":27,"column":2},"end":{"line":29,"column":5}},"16":{"start":{"line":31,"column":2},"end":{"line":31,"column":19}},"17":{"start":{"line":34,"column":0},"end":{"line":34,"column":24}}},"fnMap":{"0":{"name":"(anonymous_0)","decl":{"start":{"line":11,"column":51},"end":{"line":11,"column":52}},"loc":{"start":{"line":11,"column":71},"end":{"line":32,"column":1}},"line":11}},"branchMap":{"0":{"loc":{"start":{"line":15,"column":2},"end":{"line":17,"column":3}},"type":"if","locations":[{"start":{"line":15,"column":2},"end":{"line":17,"column":3}},{"start":{"line":15,"column":2},"end":{"line":17,"column":3}}],"line":15},"1":{"loc":{"start":{"line":19,"column":2},"end":{"line":21,"column":3}},"type":"if","locations":[{"start":{"line":19,"column":2},"end":{"line":21,"column":3}},{"start":{"line":19,"column":2},"end":{"line":21,"column":3}}],"line":19}},"s":{"0":3,"1":3,"2":3,"3":3,"4":3,"5":3,"6":3,"7":3,"8":7,"9":7,"10":1,"11":6,"12":1,"13":5,"14":5,"15":5,"16":5,"17":3},"f":{"0":7},"b":{"0":[1,6],"1":[1,5]},"_coverageSchema":"43e27e138ebf9cfc5966b082cf9a028302ed4184","hash":"cd3797dff64ed0a8e98e04fed85a8be978899f62"}
,"/Users/romeoenso/Desktop/Sites/works/node/vidly/routes/user.js": {"path":"/Users/romeoenso/Desktop/Sites/works/node/vidly/routes/user.js","statementMap":{"0":{"start":{"line":1,"column":15},"end":{"line":1,"column":32}},"1":{"start":{"line":2,"column":10},"end":{"line":2,"column":27}},"2":{"start":{"line":3,"column":16},"end":{"line":3,"column":34}},"3":{"start":{"line":5,"column":13},"end":{"line":5,"column":42}},"4":{"start":{"line":6,"column":31},"end":{"line":6,"column":52}},"5":{"start":{"line":9,"column":15},"end":{"line":9,"column":31}},"6":{"start":{"line":11,"column":0},"end":{"line":15,"column":2}},"7":{"start":{"line":13,"column":15},"end":{"line":13,"column":68}},"8":{"start":{"line":14,"column":2},"end":{"line":14,"column":17}},"9":{"start":{"line":17,"column":0},"end":{"line":39,"column":3}},"10":{"start":{"line":18,"column":20},"end":{"line":18,"column":42}},"11":{"start":{"line":19,"column":2},"end":{"line":21,"column":3}},"12":{"start":{"line":20,"column":4},"end":{"line":20,"column":51}},"13":{"start":{"line":23,"column":13},"end":{"line":23,"column":58}},"14":{"start":{"line":24,"column":2},"end":{"line":26,"column":3}},"15":{"start":{"line":25,"column":4},"end":{"line":25,"column":53}},"16":{"start":{"line":28,"column":2},"end":{"line":28,"column":67}},"17":{"start":{"line":29,"column":15},"end":{"line":29,"column":39}},"18":{"start":{"line":30,"column":2},"end":{"line":30,"column":57}},"19":{"start":{"line":31,"column":2},"end":{"line":31,"column":20}},"20":{"start":{"line":34,"column":2},"end":{"line":34,"column":35}},"21":{"start":{"line":36,"column":2},"end":{"line":38,"column":50}},"22":{"start":{"line":41,"column":0},"end":{"line":41,"column":24}}},"fnMap":{"0":{"name":"(anonymous_0)","decl":{"start":{"line":11,"column":24},"end":{"line":11,"column":25}},"loc":{"start":{"line":11,"column":44},"end":{"line":15,"column":1}},"line":11},"1":{"name":"(anonymous_1)","decl":{"start":{"line":17,"column":17},"end":{"line":17,"column":18}},"loc":{"start":{"line":17,"column":37},"end":{"line":39,"column":1}},"line":17}},"branchMap":{"0":{"loc":{"start":{"line":19,"column":2},"end":{"line":21,"column":3}},"type":"if","locations":[{"start":{"line":19,"column":2},"end":{"line":21,"column":3}},{"start":{"line":19,"column":2},"end":{"line":21,"column":3}}],"line":19},"1":{"loc":{"start":{"line":24,"column":2},"end":{"line":26,"column":3}},"type":"if","locations":[{"start":{"line":24,"column":2},"end":{"line":26,"column":3}},{"start":{"line":24,"column":2},"end":{"line":26,"column":3}}],"line":24}},"s":{"0":3,"1":3,"2":3,"3":3,"4":3,"5":3,"6":3,"7":0,"8":0,"9":3,"10":0,"11":0,"12":0,"13":0,"14":0,"15":0,"16":0,"17":0,"18":0,"19":0,"20":0,"21":0,"22":3},"f":{"0":0,"1":0},"b":{"0":[0,0],"1":[0,0]},"_coverageSchema":"43e27e138ebf9cfc5966b082cf9a028302ed4184","hash":"3ef40368a70367168a02c1cfea16109d54391645"}
,"/Users/romeoenso/Desktop/Sites/works/node/vidly/startup/config.js": {"path":"/Users/romeoenso/Desktop/Sites/works/node/vidly/startup/config.js","statementMap":{"0":{"start":{"line":1,"column":15},"end":{"line":1,"column":32}},"1":{"start":{"line":3,"column":0},"end":{"line":7,"column":2}},"2":{"start":{"line":4,"column":2},"end":{"line":6,"column":3}},"3":{"start":{"line":5,"column":4},"end":{"line":5,"column":78}}},"fnMap":{"0":{"name":"(anonymous_0)","decl":{"start":{"line":3,"column":17},"end":{"line":3,"column":18}},"loc":{"start":{"line":3,"column":29},"end":{"line":7,"column":1}},"line":3}},"branchMap":{"0":{"loc":{"start":{"line":4,"column":2},"end":{"line":6,"column":3}},"type":"if","locations":[{"start":{"line":4,"column":2},"end":{"line":6,"column":3}},{"start":{"line":4,"column":2},"end":{"line":6,"column":3}}],"line":4}},"s":{"0":3,"1":3,"2":3,"3":0},"f":{"0":3},"b":{"0":[0,3]},"_coverageSchema":"43e27e138ebf9cfc5966b082cf9a028302ed4184","hash":"b533cc3a3e0c0fad485d263a1ca96dc1de899531"}
,"/Users/romeoenso/Desktop/Sites/works/node/vidly/startup/connection.js": {"path":"/Users/romeoenso/Desktop/Sites/works/node/vidly/startup/connection.js","statementMap":{"0":{"start":{"line":1,"column":15},"end":{"line":1,"column":32}},"1":{"start":{"line":2,"column":17},"end":{"line":2,"column":36}},"2":{"start":{"line":3,"column":16},"end":{"line":3,"column":34}},"3":{"start":{"line":5,"column":0},"end":{"line":10,"column":2}},"4":{"start":{"line":6,"column":2},"end":{"line":9,"column":65}},"5":{"start":{"line":9,"column":16},"end":{"line":9,"column":64}}},"fnMap":{"0":{"name":"(anonymous_0)","decl":{"start":{"line":5,"column":17},"end":{"line":5,"column":18}},"loc":{"start":{"line":5,"column":29},"end":{"line":10,"column":1}},"line":5},"1":{"name":"(anonymous_1)","decl":{"start":{"line":9,"column":10},"end":{"line":9,"column":11}},"loc":{"start":{"line":9,"column":16},"end":{"line":9,"column":64}},"line":9}},"branchMap":{},"s":{"0":3,"1":3,"2":3,"3":3,"4":3,"5":3},"f":{"0":3,"1":3},"b":{},"_coverageSchema":"43e27e138ebf9cfc5966b082cf9a028302ed4184","hash":"b8169f1c147dc33459a61acefdbc07767b029546"}
,"/Users/romeoenso/Desktop/Sites/works/node/vidly/startup/logging.js": {"path":"/Users/romeoenso/Desktop/Sites/works/node/vidly/startup/logging.js","statementMap":{"0":{"start":{"line":1,"column":0},"end":{"line":1,"column":32}},"1":{"start":{"line":3,"column":16},"end":{"line":3,"column":34}},"2":{"start":{"line":5,"column":0},"end":{"line":41,"column":2}},"3":{"start":{"line":6,"column":2},"end":{"line":19,"column":6}},"4":{"start":{"line":12,"column":56},"end":{"line":12,"column":60}},"5":{"start":{"line":14,"column":8},"end":{"line":16,"column":13}},"6":{"start":{"line":21,"column":2},"end":{"line":24,"column":6}},"7":{"start":{"line":32,"column":2},"end":{"line":35,"column":6}},"8":{"start":{"line":37,"column":2},"end":{"line":40,"column":5}},"9":{"start":{"line":39,"column":4},"end":{"line":39,"column":13}}},"fnMap":{"0":{"name":"(anonymous_0)","decl":{"start":{"line":5,"column":17},"end":{"line":5,"column":18}},"loc":{"start":{"line":5,"column":29},"end":{"line":41,"column":1}},"line":5},"1":{"name":"(anonymous_1)","decl":{"start":{"line":11,"column":28},"end":{"line":11,"column":29}},"loc":{"start":{"line":11,"column":36},"end":{"line":17,"column":7}},"line":11},"2":{"name":"(anonymous_2)","decl":{"start":{"line":37,"column":35},"end":{"line":37,"column":36}},"loc":{"start":{"line":37,"column":43},"end":{"line":40,"column":3}},"line":37}},"branchMap":{"0":{"loc":{"start":{"line":15,"column":10},"end":{"line":15,"column":73}},"type":"cond-expr","locations":[{"start":{"line":15,"column":38},"end":{"line":15,"column":68}},{"start":{"line":15,"column":71},"end":{"line":15,"column":73}}],"line":15}},"s":{"0":3,"1":3,"2":3,"3":3,"4":6,"5":6,"6":3,"7":3,"8":3,"9":0},"f":{"0":3,"1":6,"2":0},"b":{"0":[0,6]},"_coverageSchema":"43e27e138ebf9cfc5966b082cf9a028302ed4184","hash":"eb45f507c08005f8e681a404c7fbd67658855e1c"}
,"/Users/romeoenso/Desktop/Sites/works/node/vidly/startup/middleware.js": {"path":"/Users/romeoenso/Desktop/Sites/works/node/vidly/startup/middleware.js","statementMap":{"0":{"start":{"line":1,"column":16},"end":{"line":1,"column":34}},"1":{"start":{"line":2,"column":15},"end":{"line":2,"column":32}},"2":{"start":{"line":3,"column":15},"end":{"line":3,"column":32}},"3":{"start":{"line":5,"column":0},"end":{"line":12,"column":2}},"4":{"start":{"line":6,"column":2},"end":{"line":6,"column":50}},"5":{"start":{"line":7,"column":2},"end":{"line":7,"column":20}},"6":{"start":{"line":9,"column":2},"end":{"line":11,"column":3}},"7":{"start":{"line":10,"column":4},"end":{"line":10,"column":28}}},"fnMap":{"0":{"name":"(anonymous_0)","decl":{"start":{"line":5,"column":17},"end":{"line":5,"column":18}},"loc":{"start":{"line":5,"column":32},"end":{"line":12,"column":1}},"line":5}},"branchMap":{"0":{"loc":{"start":{"line":9,"column":2},"end":{"line":11,"column":3}},"type":"if","locations":[{"start":{"line":9,"column":2},"end":{"line":11,"column":3}},{"start":{"line":9,"column":2},"end":{"line":11,"column":3}}],"line":9}},"s":{"0":3,"1":3,"2":3,"3":3,"4":3,"5":3,"6":3,"7":0},"f":{"0":3},"b":{"0":[0,3]},"_coverageSchema":"43e27e138ebf9cfc5966b082cf9a028302ed4184","hash":"c89c457000c550c765c33e6c4b4f142493b8d4a8"}
,"/Users/romeoenso/Desktop/Sites/works/node/vidly/startup/route.js": {"path":"/Users/romeoenso/Desktop/Sites/works/node/vidly/startup/route.js","statementMap":{"0":{"start":{"line":1,"column":16},"end":{"line":1,"column":34}},"1":{"start":{"line":2,"column":20},"end":{"line":2,"column":46}},"2":{"start":{"line":3,"column":23},"end":{"line":3,"column":52}},"3":{"start":{"line":4,"column":21},"end":{"line":4,"column":47}},"4":{"start":{"line":5,"column":21},"end":{"line":5,"column":48}},"5":{"start":{"line":6,"column":19},"end":{"line":6,"column":44}},"6":{"start":{"line":7,"column":19},"end":{"line":7,"column":44}},"7":{"start":{"line":8,"column":21},"end":{"line":8,"column":49}},"8":{"start":{"line":9,"column":15},"end":{"line":9,"column":46}},"9":{"start":{"line":11,"column":0},"end":{"line":21,"column":2}},"10":{"start":{"line":12,"column":2},"end":{"line":12,"column":26}},"11":{"start":{"line":13,"column":2},"end":{"line":13,"column":37}},"12":{"start":{"line":14,"column":2},"end":{"line":14,"column":44}},"13":{"start":{"line":15,"column":2},"end":{"line":15,"column":39}},"14":{"start":{"line":16,"column":2},"end":{"line":16,"column":40}},"15":{"start":{"line":17,"column":2},"end":{"line":17,"column":36}},"16":{"start":{"line":18,"column":2},"end":{"line":18,"column":35}},"17":{"start":{"line":19,"column":2},"end":{"line":19,"column":39}},"18":{"start":{"line":20,"column":2},"end":{"line":20,"column":18}}},"fnMap":{"0":{"name":"(anonymous_0)","decl":{"start":{"line":11,"column":17},"end":{"line":11,"column":18}},"loc":{"start":{"line":11,"column":32},"end":{"line":21,"column":1}},"line":11}},"branchMap":{},"s":{"0":3,"1":3,"2":3,"3":3,"4":3,"5":3,"6":3,"7":3,"8":3,"9":3,"10":3,"11":3,"12":3,"13":3,"14":3,"15":3,"16":3,"17":3,"18":3},"f":{"0":3},"b":{},"_coverageSchema":"43e27e138ebf9cfc5966b082cf9a028302ed4184","hash":"28258cb9f1fdb2630f3b297d614cd5ef0d2a978a"}
}
