TN:
SF:/Users/romeoenso/Desktop/Sites/works/node/vidly/index.js
FN:13,(anonymous_0)
FNF:1
FNH:1
FNDA:3,(anonymous_0)
DA:1,3
DA:2,3
DA:3,3
DA:5,3
DA:6,3
DA:7,3
DA:8,3
DA:9,3
DA:11,3
DA:13,3
DA:14,3
DA:17,3
LF:12
LH:12
BRDA:11,0,0,3
BRDA:11,0,1,3
BRF:2
BRH:2
end_of_record
TN:
SF:/Users/romeoenso/Desktop/Sites/works/node/vidly/db/customer.js
FN:13,(anonymous_0)
FN:16,(anonymous_1)
FN:23,validateCustomer
FNF:3
FNH:0
FNDA:0,(anonymous_0)
FNDA:0,(anonymous_1)
FNDA:0,validateCustomer
DA:1,3
DA:2,3
DA:4,3
DA:14,0
DA:16,0
DA:21,3
DA:24,0
DA:30,0
DA:33,3
LF:9
LH:5
BRF:0
BRH:0
end_of_record
TN:
SF:/Users/romeoenso/Desktop/Sites/works/node/vidly/db/genre.js
FN:15,validateGenre
FNF:1
FNH:1
FNDA:7,validateGenre
DA:1,3
DA:2,3
DA:4,3
DA:13,3
DA:16,7
DA:19,7
DA:22,3
LF:7
LH:7
BRF:0
BRH:0
end_of_record
TN:
SF:/Users/romeoenso/Desktop/Sites/works/node/vidly/db/movie.js
FN:16,validateMovie
FNF:1
FNH:0
FNDA:0,validateMovie
DA:1,3
DA:2,3
DA:4,3
DA:6,3
DA:17,0
DA:24,0
DA:27,3
DA:29,3
LF:8
LH:6
BRF:0
BRH:0
end_of_record
TN:
SF:/Users/romeoenso/Desktop/Sites/works/node/vidly/db/rental.js
FN:40,(anonymous_0)
FN:48,(anonymous_1)
FN:57,validate
FNF:3
FNH:3
FNDA:7,(anonymous_0)
FNDA:5,(anonymous_1)
FNDA:9,validate
DA:1,3
DA:2,3
DA:3,3
DA:5,3
DA:40,3
DA:41,7
DA:48,3
DA:49,5
DA:51,5
DA:52,5
DA:55,3
DA:58,9
DA:62,9
DA:65,3
LF:14
LH:14
BRF:0
BRH:0
end_of_record
TN:
SF:/Users/romeoenso/Desktop/Sites/works/node/vidly/db/user.js
FN:29,(anonymous_0)
FN:36,validateUser
FNF:2
FNH:1
FNDA:25,(anonymous_0)
FNDA:0,validateUser
DA:1,5
DA:2,5
DA:3,5
DA:4,5
DA:6,5
DA:29,5
DA:30,25
DA:31,25
DA:34,5
DA:37,0
DA:43,0
DA:46,5
DA:47,5
LF:13
LH:11
BRF:0
BRH:0
end_of_record
TN:
SF:/Users/romeoenso/Desktop/Sites/works/node/vidly/middleware/admin.js
FN:3,(anonymous_0)
FNF:1
FNH:1
FNDA:4,(anonymous_0)
DA:3,3
DA:5,4
DA:7,3
LF:3
LH:3
BRDA:5,0,0,1
BRDA:5,0,1,3
BRF:2
BRH:2
end_of_record
TN:
SF:/Users/romeoenso/Desktop/Sites/works/node/vidly/middleware/auth.js
FN:7,(anonymous_0)
FNF:1
FNH:1
FNDA:27,(anonymous_0)
DA:4,4
DA:5,4
DA:7,4
DA:8,27
DA:9,27
DA:10,5
DA:13,22
DA:14,22
DA:16,21
DA:17,21
DA:19,1
LF:11
LH:11
BRDA:9,0,0,5
BRDA:9,0,1,22
BRF:2
BRH:2
end_of_record
TN:
SF:/Users/romeoenso/Desktop/Sites/works/node/vidly/middleware/customer.js
FN:3,(anonymous_0)
FNF:1
FNH:0
FNDA:0,(anonymous_0)
DA:1,3
DA:3,3
DA:4,0
DA:6,0
DA:7,0
DA:10,0
DA:13,3
LF:7
LH:3
BRDA:6,0,0,0
BRDA:6,0,1,0
BRF:2
BRH:0
end_of_record
TN:
SF:/Users/romeoenso/Desktop/Sites/works/node/vidly/middleware/errors.js
FN:3,(anonymous_0)
FNF:1
FNH:0
FNDA:0,(anonymous_0)
DA:1,3
DA:3,3
DA:4,0
DA:5,0
LF:4
LH:2
BRF:0
BRH:0
end_of_record
TN:
SF:/Users/romeoenso/Desktop/Sites/works/node/vidly/middleware/genre.js
FN:4,(anonymous_0)
FNF:1
FNH:1
FNDA:10,(anonymous_0)
DA:1,3
DA:4,3
DA:5,10
DA:7,10
DA:8,3
DA:11,7
LF:6
LH:6
BRDA:7,0,0,3
BRDA:7,0,1,7
BRF:2
BRH:2
end_of_record
TN:
SF:/Users/romeoenso/Desktop/Sites/works/node/vidly/middleware/validate.js
FN:2,(anonymous_0)
FN:3,(anonymous_1)
FNF:2
FNH:2
FNDA:3,(anonymous_0)
FNDA:9,(anonymous_1)
DA:2,3
DA:3,3
DA:4,9
DA:5,9
DA:7,7
LF:5
LH:5
BRDA:5,0,0,2
BRDA:5,0,1,7
BRF:2
BRH:2
end_of_record
TN:
SF:/Users/romeoenso/Desktop/Sites/works/node/vidly/routes/auth.js
FN:10,(anonymous_0)
FN:27,validate
FNF:2
FNH:0
FNDA:0,(anonymous_0)
FNDA:0,validate
DA:1,3
DA:2,3
DA:3,3
DA:4,3
DA:5,3
DA:8,3
DA:10,3
DA:11,0
DA:12,0
DA:13,0
DA:16,0
DA:17,0
DA:19,0
DA:21,0
DA:22,0
DA:24,0
DA:28,0
DA:33,0
DA:36,3
LF:19
LH:8
BRDA:12,0,0,0
BRDA:12,0,1,0
BRDA:17,1,0,0
BRDA:17,1,1,0
BRDA:21,2,0,0
BRDA:21,2,1,0
BRF:6
BRH:0
end_of_record
TN:
SF:/Users/romeoenso/Desktop/Sites/works/node/vidly/routes/customer.js
FN:10,(anonymous_0)
FN:15,(anonymous_1)
FN:31,(anonymous_2)
FN:40,(anonymous_3)
FN:59,(anonymous_4)
FNF:5
FNH:0
FNDA:0,(anonymous_0)
FNDA:0,(anonymous_1)
FNDA:0,(anonymous_2)
FNDA:0,(anonymous_3)
FNDA:0,(anonymous_4)
DA:1,3
DA:3,3
DA:4,3
DA:7,3
DA:10,3
DA:11,0
DA:12,0
DA:15,3
DA:16,0
DA:17,0
DA:18,0
DA:21,0
DA:26,0
DA:28,0
DA:31,3
DA:32,0
DA:34,0
DA:35,0
DA:37,0
DA:40,3
DA:41,0
DA:43,0
DA:44,0
DA:47,0
DA:53,0
DA:54,0
DA:56,0
DA:59,3
DA:60,0
DA:62,0
DA:63,0
DA:65,0
DA:68,3
LF:33
LH:10
BRDA:17,0,0,0
BRDA:17,0,1,0
BRDA:34,1,0,0
BRDA:34,1,1,0
BRDA:43,2,0,0
BRDA:43,2,1,0
BRDA:53,3,0,0
BRDA:53,3,1,0
BRDA:62,4,0,0
BRDA:62,4,1,0
BRF:10
BRH:0
end_of_record
TN:
SF:/Users/romeoenso/Desktop/Sites/works/node/vidly/routes/genre.js
FN:11,(anonymous_0)
FN:16,(anonymous_1)
FN:28,(anonymous_2)
FN:38,(anonymous_3)
FN:51,(anonymous_4)
FNF:5
FNH:5
FNDA:1,(anonymous_0)
FNDA:5,(anonymous_1)
FNDA:2,(anonymous_2)
FNDA:2,(anonymous_3)
FNDA:2,(anonymous_4)
DA:1,3
DA:2,3
DA:3,3
DA:4,3
DA:5,3
DA:8,3
DA:11,3
DA:12,1
DA:13,1
DA:16,3
DA:17,5
DA:18,5
DA:19,2
DA:22,3
DA:23,3
DA:25,3
DA:28,3
DA:29,2
DA:31,2
DA:32,1
DA:35,1
DA:38,3
DA:39,2
DA:40,2
DA:41,1
DA:44,1
DA:48,1
DA:51,3
DA:52,2
DA:54,2
DA:55,1
DA:57,1
DA:60,3
LF:33
LH:33
BRDA:18,0,0,2
BRDA:18,0,1,3
BRDA:31,1,0,1
BRDA:31,1,1,1
BRDA:40,2,0,1
BRDA:40,2,1,1
BRDA:54,3,0,1
BRDA:54,3,1,1
BRF:8
BRH:8
end_of_record
TN:
SF:/Users/romeoenso/Desktop/Sites/works/node/vidly/routes/movie.js
FN:9,(anonymous_0)
FN:14,(anonymous_1)
FN:22,(anonymous_2)
FN:45,(anonymous_3)
FN:54,(anonymous_4)
FN:73,(anonymous_5)
FN:92,(anonymous_6)
FN:106,(anonymous_7)
FNF:8
FNH:0
FNDA:0,(anonymous_0)
FNDA:0,(anonymous_1)
FNDA:0,(anonymous_2)
FNDA:0,(anonymous_3)
FNDA:0,(anonymous_4)
FNDA:0,(anonymous_5)
FNDA:0,(anonymous_6)
FNDA:0,(anonymous_7)
DA:1,3
DA:3,3
DA:4,3
DA:6,3
DA:9,3
DA:10,0
DA:11,0
DA:14,3
DA:16,0
DA:18,0
DA:19,0
DA:22,0
DA:23,0
DA:24,0
DA:30,0
DA:33,0
DA:40,0
DA:42,0
DA:45,3
DA:46,0
DA:48,0
DA:49,0
DA:51,0
DA:54,3
DA:55,0
DA:57,0
DA:58,0
DA:61,0
DA:67,0
DA:68,0
DA:70,0
DA:73,3
DA:74,0
DA:76,0
DA:77,0
DA:80,0
DA:89,0
DA:92,3
DA:93,0
DA:95,0
DA:96,0
DA:99,0
DA:100,0
DA:101,0
DA:103,0
DA:106,3
DA:107,0
DA:109,0
DA:110,0
DA:112,0
DA:115,3
LF:51
LH:12
BRDA:18,0,0,0
BRDA:18,0,1,0
BRDA:48,1,0,0
BRDA:48,1,1,0
BRDA:57,2,0,0
BRDA:57,2,1,0
BRDA:67,3,0,0
BRDA:67,3,1,0
BRDA:76,4,0,0
BRDA:76,4,1,0
BRDA:95,5,0,0
BRDA:95,5,1,0
BRDA:109,6,0,0
BRDA:109,6,1,0
BRF:14
BRH:0
end_of_record
TN:
SF:/Users/romeoenso/Desktop/Sites/works/node/vidly/routes/rental.js
FN:14,(anonymous_0)
FNF:1
FNH:0
FNDA:0,(anonymous_0)
DA:1,3
DA:2,3
DA:3,3
DA:5,3
DA:6,3
DA:7,3
DA:9,3
DA:12,3
DA:14,3
DA:15,0
DA:17,0
DA:18,0
DA:21,0
DA:22,0
DA:23,0
DA:27,0
DA:28,0
DA:29,0
DA:32,0
DA:47,0
DA:48,0
DA:57,0
DA:59,0
DA:63,3
LF:24
LH:10
BRDA:17,0,0,0
BRDA:17,0,1,0
BRDA:22,1,0,0
BRDA:22,1,1,0
BRDA:28,2,0,0
BRDA:28,2,1,0
BRF:6
BRH:0
end_of_record
TN:
SF:/Users/romeoenso/Desktop/Sites/works/node/vidly/routes/returns.js
FN:11,(anonymous_0)
FNF:1
FNH:1
FNDA:7,(anonymous_0)
DA:1,3
DA:2,3
DA:4,3
DA:5,3
DA:6,3
DA:7,3
DA:9,3
DA:11,3
DA:13,7
DA:15,7
DA:16,1
DA:19,6
DA:20,1
DA:23,5
DA:25,5
DA:27,5
DA:31,5
DA:34,3
LF:18
LH:18
BRDA:15,0,0,1
BRDA:15,0,1,6
BRDA:19,1,0,1
BRDA:19,1,1,5
BRF:4
BRH:4
end_of_record
TN:
SF:/Users/romeoenso/Desktop/Sites/works/node/vidly/routes/user.js
FN:11,(anonymous_0)
FN:17,(anonymous_1)
FNF:2
FNH:0
FNDA:0,(anonymous_0)
FNDA:0,(anonymous_1)
DA:1,3
DA:2,3
DA:3,3
DA:5,3
DA:6,3
DA:9,3
DA:11,3
DA:13,0
DA:14,0
DA:17,3
DA:18,0
DA:19,0
DA:20,0
DA:23,0
DA:24,0
DA:25,0
DA:28,0
DA:29,0
DA:30,0
DA:31,0
DA:34,0
DA:36,0
DA:41,3
LF:23
LH:9
BRDA:19,0,0,0
BRDA:19,0,1,0
BRDA:24,1,0,0
BRDA:24,1,1,0
BRF:4
BRH:0
end_of_record
TN:
SF:/Users/romeoenso/Desktop/Sites/works/node/vidly/startup/config.js
FN:3,(anonymous_0)
FNF:1
FNH:1
FNDA:3,(anonymous_0)
DA:1,3
DA:3,3
DA:4,3
DA:5,0
LF:4
LH:3
BRDA:4,0,0,0
BRDA:4,0,1,3
BRF:2
BRH:1
end_of_record
TN:
SF:/Users/romeoenso/Desktop/Sites/works/node/vidly/startup/connection.js
FN:5,(anonymous_0)
FN:9,(anonymous_1)
FNF:2
FNH:2
FNDA:3,(anonymous_0)
FNDA:3,(anonymous_1)
DA:1,3
DA:2,3
DA:3,3
DA:5,3
DA:6,3
DA:9,3
LF:6
LH:6
BRF:0
BRH:0
end_of_record
TN:
SF:/Users/romeoenso/Desktop/Sites/works/node/vidly/startup/logging.js
FN:5,(anonymous_0)
FN:11,(anonymous_1)
FN:37,(anonymous_2)
FNF:3
FNH:2
FNDA:3,(anonymous_0)
FNDA:6,(anonymous_1)
FNDA:0,(anonymous_2)
DA:1,3
DA:3,3
DA:5,3
DA:6,3
DA:12,6
DA:14,6
DA:21,3
DA:32,3
DA:37,3
DA:39,0
LF:10
LH:9
BRDA:15,0,0,0
BRDA:15,0,1,6
BRF:2
BRH:1
end_of_record
TN:
SF:/Users/romeoenso/Desktop/Sites/works/node/vidly/startup/middleware.js
FN:5,(anonymous_0)
FNF:1
FNH:1
FNDA:3,(anonymous_0)
DA:1,3
DA:2,3
DA:3,3
DA:5,3
DA:6,3
DA:7,3
DA:9,3
DA:10,0
LF:8
LH:7
BRDA:9,0,0,0
BRDA:9,0,1,3
BRF:2
BRH:1
end_of_record
TN:
SF:/Users/romeoenso/Desktop/Sites/works/node/vidly/startup/route.js
FN:11,(anonymous_0)
FNF:1
FNH:1
FNDA:3,(anonymous_0)
DA:1,3
DA:2,3
DA:3,3
DA:4,3
DA:5,3
DA:6,3
DA:7,3
DA:8,3
DA:9,3
DA:11,3
DA:12,3
DA:13,3
DA:14,3
DA:15,3
DA:16,3
DA:17,3
DA:18,3
DA:19,3
DA:20,3
LF:19
LH:19
BRF:0
BRH:0
end_of_record
